<?xml version="1.0" encoding="UTF-8"?>
<testsuite name="movileTesting.exercise1.WhenDoTest" tests="1" skipped="0" failures="0" errors="0" timestamp="2023-11-01T21:49:53" hostname="LAPTOP-V6TDORT5" time="52.236">
  <properties/>
  <testcase name="verifyCRUDTask()" classname="movileTesting.exercise1.WhenDoTest" time="52.236"/>
  <system-out><![CDATA[]]></system-out>
  <system-err><![CDATA[]]></system-err>
</testsuite>
